{"/Users/p3rolix/code/BackEnds/landingSh3ck/database.js": {"path":"/Users/p3rolix/code/BackEnds/landingSh3ck/database.js","statementMap":{"0":{"start":{"line":1,"column":17},"end":{"line":27,"column":1}},"1":{"start":{"line":29,"column":24},"end":{"line":29,"column":26}},"2":{"start":{"line":30,"column":14},"end":{"line":30,"column":16}},"3":{"start":{"line":32,"column":0},"end":{"line":36,"column":1}}},"fnMap":{},"branchMap":{},"s":{"0":2,"1":2,"2":2,"3":2},"f":{},"b":{},"_coverageSchema":"1a1c01bbd47fc00a2c39e90264f33305004495a9","hash":"76b4aaa5b8b4be0f05e5b5b8e959b507033be568"}
,"/Users/p3rolix/code/BackEnds/landingSh3ck/index.js": {"path":"/Users/p3rolix/code/BackEnds/landingSh3ck/index.js","statementMap":{"0":{"start":{"line":1,"column":16},"end":{"line":1,"column":34}},"1":{"start":{"line":2,"column":19},"end":{"line":2,"column":41}},"2":{"start":{"line":3,"column":15},"end":{"line":3,"column":32}},"3":{"start":{"line":4,"column":13},"end":{"line":4,"column":28}},"4":{"start":{"line":5,"column":17},"end":{"line":5,"column":36}},"5":{"start":{"line":6,"column":17},"end":{"line":6,"column":36}},"6":{"start":{"line":8,"column":15},"end":{"line":8,"column":40}},"7":{"start":{"line":9,"column":16},"end":{"line":9,"column":42}},"8":{"start":{"line":10,"column":15},"end":{"line":10,"column":34}},"9":{"start":{"line":11,"column":21},"end":{"line":11,"column":55}},"10":{"start":{"line":14,"column":23},"end":{"line":14,"column":74}},"11":{"start":{"line":15,"column":23},"end":{"line":15,"column":88}},"12":{"start":{"line":16,"column":20},"end":{"line":16,"column":65}},"13":{"start":{"line":18,"column":12},"end":{"line":18,"column":21}},"14":{"start":{"line":19,"column":13},"end":{"line":19,"column":37}},"15":{"start":{"line":22,"column":0},"end":{"line":22,"column":26}},"16":{"start":{"line":23,"column":0},"end":{"line":23,"column":15}},"17":{"start":{"line":24,"column":0},"end":{"line":28,"column":3}},"18":{"start":{"line":26,"column":26},"end":{"line":26,"column":53}},"19":{"start":{"line":30,"column":0},"end":{"line":30,"column":21}},"20":{"start":{"line":31,"column":0},"end":{"line":31,"column":30}},"21":{"start":{"line":35,"column":12},"end":{"line":35,"column":124}},"22":{"start":{"line":37,"column":23},"end":{"line":40,"column":1}},"23":{"start":{"line":41,"column":0},"end":{"line":47,"column":6}},"24":{"start":{"line":43,"column":8},"end":{"line":43,"column":45}},"25":{"start":{"line":46,"column":8},"end":{"line":46,"column":68}},"26":{"start":{"line":57,"column":0},"end":{"line":57,"column":40}},"27":{"start":{"line":58,"column":0},"end":{"line":58,"column":47}},"28":{"start":{"line":59,"column":0},"end":{"line":59,"column":34}},"29":{"start":{"line":60,"column":0},"end":{"line":60,"column":40}},"30":{"start":{"line":61,"column":0},"end":{"line":65,"column":1}},"31":{"start":{"line":62,"column":4},"end":{"line":62,"column":42}},"32":{"start":{"line":64,"column":4},"end":{"line":64,"column":43}},"33":{"start":{"line":67,"column":0},"end":{"line":69,"column":2}},"34":{"start":{"line":68,"column":4},"end":{"line":68,"column":36}},"35":{"start":{"line":72,"column":15},"end":{"line":74,"column":2}},"36":{"start":{"line":73,"column":4},"end":{"line":73,"column":49}},"37":{"start":{"line":76,"column":0},"end":{"line":79,"column":1}}},"fnMap":{"0":{"name":"(anonymous_0)","decl":{"start":{"line":26,"column":15},"end":{"line":26,"column":16}},"loc":{"start":{"line":26,"column":26},"end":{"line":26,"column":53}},"line":26},"1":{"name":"(anonymous_1)","decl":{"start":{"line":42,"column":11},"end":{"line":42,"column":12}},"loc":{"start":{"line":42,"column":17},"end":{"line":44,"column":5}},"line":42},"2":{"name":"(anonymous_2)","decl":{"start":{"line":45,"column":12},"end":{"line":45,"column":13}},"loc":{"start":{"line":45,"column":21},"end":{"line":47,"column":5}},"line":45},"3":{"name":"(anonymous_3)","decl":{"start":{"line":67,"column":13},"end":{"line":67,"column":14}},"loc":{"start":{"line":67,"column":25},"end":{"line":69,"column":1}},"line":67},"4":{"name":"(anonymous_4)","decl":{"start":{"line":72,"column":32},"end":{"line":72,"column":33}},"loc":{"start":{"line":72,"column":38},"end":{"line":74,"column":1}},"line":72}},"branchMap":{"0":{"loc":{"start":{"line":19,"column":13},"end":{"line":19,"column":37}},"type":"binary-expr","locations":[{"start":{"line":19,"column":13},"end":{"line":19,"column":29}},{"start":{"line":19,"column":33},"end":{"line":19,"column":37}}],"line":19},"1":{"loc":{"start":{"line":61,"column":0},"end":{"line":65,"column":1}},"type":"if","locations":[{"start":{"line":61,"column":0},"end":{"line":65,"column":1}},{"start":{"line":63,"column":5},"end":{"line":65,"column":1}}],"line":61}},"s":{"0":2,"1":2,"2":2,"3":2,"4":2,"5":2,"6":2,"7":2,"8":2,"9":2,"10":2,"11":2,"12":2,"13":2,"14":2,"15":2,"16":2,"17":2,"18":28,"19":2,"20":2,"21":2,"22":2,"23":2,"24":2,"25":0,"26":2,"27":2,"28":2,"29":2,"30":2,"31":0,"32":2,"33":2,"34":0,"35":2,"36":2,"37":2},"f":{"0":28,"1":2,"2":0,"3":0,"4":2},"b":{"0":[2,2],"1":[0,2]},"_coverageSchema":"1a1c01bbd47fc00a2c39e90264f33305004495a9","hash":"b0646a72a61185559ba79edb99662000138917b3"}
,"/Users/p3rolix/code/BackEnds/landingSh3ck/api/libs/auth.js": {"path":"/Users/p3rolix/code/BackEnds/landingSh3ck/api/libs/auth.js","statementMap":{"0":{"start":{"line":1,"column":15},"end":{"line":1,"column":44}},"1":{"start":{"line":2,"column":15},"end":{"line":2,"column":32}},"2":{"start":{"line":3,"column":20},"end":{"line":3,"column":43}},"3":{"start":{"line":4,"column":15},"end":{"line":4,"column":38}},"4":{"start":{"line":5,"column":24},"end":{"line":5,"column":70}},"5":{"start":{"line":7,"column":19},"end":{"line":10,"column":1}},"6":{"start":{"line":12,"column":0},"end":{"line":32,"column":2}},"7":{"start":{"line":13,"column":4},"end":{"line":13,"column":42}},"8":{"start":{"line":14,"column":4},"end":{"line":31,"column":6}},"9":{"start":{"line":16,"column":8},"end":{"line":20,"column":9}},"10":{"start":{"line":17,"column":12},"end":{"line":17,"column":94}},"11":{"start":{"line":18,"column":12},"end":{"line":18,"column":29}},"12":{"start":{"line":19,"column":12},"end":{"line":19,"column":18}},"13":{"start":{"line":21,"column":8},"end":{"line":21,"column":103}},"14":{"start":{"line":23,"column":8},"end":{"line":26,"column":10}},"15":{"start":{"line":29,"column":8},"end":{"line":29,"column":103}},"16":{"start":{"line":30,"column":8},"end":{"line":30,"column":26}}},"fnMap":{"0":{"name":"(anonymous_0)","decl":{"start":{"line":12,"column":54},"end":{"line":12,"column":55}},"loc":{"start":{"line":12,"column":76},"end":{"line":32,"column":1}},"line":12},"1":{"name":"(anonymous_1)","decl":{"start":{"line":15,"column":11},"end":{"line":15,"column":12}},"loc":{"start":{"line":15,"column":24},"end":{"line":27,"column":5}},"line":15},"2":{"name":"(anonymous_2)","decl":{"start":{"line":28,"column":11},"end":{"line":28,"column":12}},"loc":{"start":{"line":28,"column":20},"end":{"line":31,"column":5}},"line":28}},"branchMap":{"0":{"loc":{"start":{"line":16,"column":8},"end":{"line":20,"column":9}},"type":"if","locations":[{"start":{"line":16,"column":8},"end":{"line":20,"column":9}},{"start":{},"end":{}}],"line":16}},"s":{"0":2,"1":2,"2":2,"3":2,"4":2,"5":2,"6":2,"7":0,"8":0,"9":0,"10":0,"11":0,"12":0,"13":0,"14":0,"15":0,"16":0},"f":{"0":0,"1":0,"2":0},"b":{"0":[0,0]},"_coverageSchema":"1a1c01bbd47fc00a2c39e90264f33305004495a9","hash":"4b62fb3690e1872495302b925d22468d346e6d3f"}
,"/Users/p3rolix/code/BackEnds/landingSh3ck/api/libs/errorHandler.js": {"path":"/Users/p3rolix/code/BackEnds/landingSh3ck/api/libs/errorHandler.js","statementMap":{"0":{"start":{"line":1,"column":15},"end":{"line":1,"column":44}},"1":{"start":{"line":2,"column":17},"end":{"line":2,"column":36}},"2":{"start":{"line":4,"column":0},"end":{"line":8,"column":1}},"3":{"start":{"line":5,"column":4},"end":{"line":7,"column":5}},"4":{"start":{"line":6,"column":8},"end":{"line":6,"column":38}},"5":{"start":{"line":10,"column":0},"end":{"line":19,"column":1}},"6":{"start":{"line":11,"column":4},"end":{"line":11,"column":52}},"7":{"start":{"line":12,"column":4},"end":{"line":17,"column":5}},"8":{"start":{"line":13,"column":8},"end":{"line":13,"column":40}},"9":{"start":{"line":14,"column":8},"end":{"line":14,"column":66}},"10":{"start":{"line":15,"column":8},"end":{"line":15,"column":116}},"11":{"start":{"line":16,"column":8},"end":{"line":16,"column":24}},"12":{"start":{"line":18,"column":4},"end":{"line":18,"column":13}},"13":{"start":{"line":21,"column":0},"end":{"line":26,"column":1}},"14":{"start":{"line":22,"column":1},"end":{"line":22,"column":30}},"15":{"start":{"line":23,"column":1},"end":{"line":25,"column":3}},"16":{"start":{"line":28,"column":0},"end":{"line":36,"column":1}},"17":{"start":{"line":29,"column":4},"end":{"line":29,"column":42}},"18":{"start":{"line":30,"column":4},"end":{"line":30,"column":25}},"19":{"start":{"line":31,"column":4},"end":{"line":31,"column":33}},"20":{"start":{"line":32,"column":4},"end":{"line":35,"column":6}}},"fnMap":{"0":{"name":"(anonymous_0)","decl":{"start":{"line":4,"column":27},"end":{"line":4,"column":28}},"loc":{"start":{"line":4,"column":35},"end":{"line":8,"column":1}},"line":4},"1":{"name":"(anonymous_1)","decl":{"start":{"line":5,"column":11},"end":{"line":5,"column":12}},"loc":{"start":{"line":5,"column":36},"end":{"line":7,"column":5}},"line":5},"2":{"name":"(anonymous_2)","decl":{"start":{"line":10,"column":29},"end":{"line":10,"column":30}},"loc":{"start":{"line":10,"column":54},"end":{"line":19,"column":1}},"line":10},"3":{"name":"(anonymous_3)","decl":{"start":{"line":21,"column":27},"end":{"line":21,"column":28}},"loc":{"start":{"line":21,"column":52},"end":{"line":26,"column":1}},"line":21},"4":{"name":"(anonymous_4)","decl":{"start":{"line":28,"column":28},"end":{"line":28,"column":29}},"loc":{"start":{"line":28,"column":53},"end":{"line":36,"column":1}},"line":28}},"branchMap":{"0":{"loc":{"start":{"line":12,"column":4},"end":{"line":17,"column":5}},"type":"if","locations":[{"start":{"line":12,"column":4},"end":{"line":17,"column":5}},{"start":{},"end":{}}],"line":12},"1":{"loc":{"start":{"line":12,"column":8},"end":{"line":12,"column":66}},"type":"binary-expr","locations":[{"start":{"line":12,"column":8},"end":{"line":12,"column":37}},{"start":{"line":12,"column":41},"end":{"line":12,"column":66}}],"line":12},"2":{"loc":{"start":{"line":22,"column":12},"end":{"line":22,"column":29}},"type":"binary-expr","locations":[{"start":{"line":22,"column":12},"end":{"line":22,"column":22}},{"start":{"line":22,"column":26},"end":{"line":22,"column":29}}],"line":22},"3":{"loc":{"start":{"line":31,"column":15},"end":{"line":31,"column":32}},"type":"binary-expr","locations":[{"start":{"line":31,"column":15},"end":{"line":31,"column":25}},{"start":{"line":31,"column":29},"end":{"line":31,"column":32}}],"line":31},"4":{"loc":{"start":{"line":34,"column":15},"end":{"line":34,"column":30}},"type":"binary-expr","locations":[{"start":{"line":34,"column":15},"end":{"line":34,"column":24}},{"start":{"line":34,"column":28},"end":{"line":34,"column":30}}],"line":34}},"s":{"0":2,"1":2,"2":2,"3":12,"4":7,"5":2,"6":0,"7":0,"8":0,"9":0,"10":0,"11":0,"12":0,"13":2,"14":0,"15":0,"16":2,"17":0,"18":0,"19":0,"20":0},"f":{"0":12,"1":7,"2":0,"3":0,"4":0},"b":{"0":[0,0],"1":[0,0],"2":[0,0],"3":[0,0],"4":[0,0]},"_coverageSchema":"1a1c01bbd47fc00a2c39e90264f33305004495a9","hash":"06876b442fb242f1336b5a0870411526c4a6a5f9"}
,"/Users/p3rolix/code/BackEnds/landingSh3ck/api/resources/counters/counters.routes.js": {"path":"/Users/p3rolix/code/BackEnds/landingSh3ck/api/resources/counters/counters.routes.js","statementMap":{"0":{"start":{"line":1,"column":16},"end":{"line":1,"column":34}},"1":{"start":{"line":2,"column":19},"end":{"line":2,"column":41}},"2":{"start":{"line":3,"column":10},"end":{"line":3,"column":31}},"3":{"start":{"line":6,"column":15},"end":{"line":6,"column":47}},"4":{"start":{"line":7,"column":17},"end":{"line":7,"column":54}},"5":{"start":{"line":9,"column":23},"end":{"line":9,"column":39}},"6":{"start":{"line":11,"column":0},"end":{"line":14,"column":2}},"7":{"start":{"line":12,"column":4},"end":{"line":12,"column":56}},"8":{"start":{"line":13,"column":4},"end":{"line":13,"column":22}},"9":{"start":{"line":16,"column":0},"end":{"line":21,"column":2}},"10":{"start":{"line":17,"column":13},"end":{"line":17,"column":26}},"11":{"start":{"line":18,"column":18},"end":{"line":18,"column":68}},"12":{"start":{"line":18,"column":51},"end":{"line":18,"column":67}},"13":{"start":{"line":19,"column":4},"end":{"line":19,"column":63}},"14":{"start":{"line":20,"column":4},"end":{"line":20,"column":29}},"15":{"start":{"line":23,"column":0},"end":{"line":36,"column":2}},"16":{"start":{"line":24,"column":13},"end":{"line":24,"column":26}},"17":{"start":{"line":25,"column":23},"end":{"line":25,"column":31}},"18":{"start":{"line":27,"column":18},"end":{"line":27,"column":68}},"19":{"start":{"line":27,"column":51},"end":{"line":27,"column":67}},"20":{"start":{"line":28,"column":4},"end":{"line":35,"column":5}},"21":{"start":{"line":29,"column":8},"end":{"line":29,"column":28}},"22":{"start":{"line":30,"column":8},"end":{"line":30,"column":38}},"23":{"start":{"line":31,"column":8},"end":{"line":31,"column":83}},"24":{"start":{"line":32,"column":8},"end":{"line":32,"column":42}},"25":{"start":{"line":34,"column":8},"end":{"line":34,"column":84}},"26":{"start":{"line":38,"column":0},"end":{"line":38,"column":31}}},"fnMap":{"0":{"name":"(anonymous_0)","decl":{"start":{"line":11,"column":24},"end":{"line":11,"column":25}},"loc":{"start":{"line":11,"column":36},"end":{"line":14,"column":1}},"line":11},"1":{"name":"(anonymous_1)","decl":{"start":{"line":16,"column":27},"end":{"line":16,"column":28}},"loc":{"start":{"line":16,"column":39},"end":{"line":21,"column":1}},"line":16},"2":{"name":"(anonymous_2)","decl":{"start":{"line":18,"column":40},"end":{"line":18,"column":41}},"loc":{"start":{"line":18,"column":51},"end":{"line":18,"column":67}},"line":18},"3":{"name":"(anonymous_3)","decl":{"start":{"line":23,"column":28},"end":{"line":23,"column":29}},"loc":{"start":{"line":23,"column":44},"end":{"line":36,"column":1}},"line":23},"4":{"name":"(anonymous_4)","decl":{"start":{"line":27,"column":40},"end":{"line":27,"column":41}},"loc":{"start":{"line":27,"column":51},"end":{"line":27,"column":67}},"line":27}},"branchMap":{"0":{"loc":{"start":{"line":28,"column":4},"end":{"line":35,"column":5}},"type":"if","locations":[{"start":{"line":28,"column":4},"end":{"line":35,"column":5}},{"start":{"line":33,"column":10},"end":{"line":35,"column":5}}],"line":28}},"s":{"0":2,"1":2,"2":2,"3":2,"4":2,"5":2,"6":2,"7":0,"8":0,"9":2,"10":0,"11":0,"12":0,"13":0,"14":0,"15":2,"16":0,"17":0,"18":0,"19":0,"20":0,"21":0,"22":0,"23":0,"24":0,"25":0,"26":2},"f":{"0":0,"1":0,"2":0,"3":0,"4":0},"b":{"0":[0,0]},"_coverageSchema":"1a1c01bbd47fc00a2c39e90264f33305004495a9","hash":"f7990db1e830994ae32ff473c5df3f4ac3faa9d3"}
,"/Users/p3rolix/code/BackEnds/landingSh3ck/api/resources/interestedUsers/interestedUsers.controller.js": {"path":"/Users/p3rolix/code/BackEnds/landingSh3ck/api/resources/interestedUsers/interestedUsers.controller.js","statementMap":{"0":{"start":{"line":1,"column":23},"end":{"line":1,"column":57}},"1":{"start":{"line":3,"column":27},"end":{"line":5,"column":1}},"2":{"start":{"line":4,"column":4},"end":{"line":4,"column":34}},"3":{"start":{"line":7,"column":27},"end":{"line":17,"column":1}},"4":{"start":{"line":8,"column":4},"end":{"line":16,"column":6}},"5":{"start":{"line":9,"column":7},"end":{"line":15,"column":9}},"6":{"start":{"line":11,"column":12},"end":{"line":11,"column":47}},"7":{"start":{"line":14,"column":11},"end":{"line":14,"column":24}},"8":{"start":{"line":19,"column":29},"end":{"line":24,"column":1}},"9":{"start":{"line":20,"column":4},"end":{"line":22,"column":13}},"10":{"start":{"line":26,"column":0},"end":{"line":30,"column":1}}},"fnMap":{"0":{"name":"(anonymous_0)","decl":{"start":{"line":3,"column":27},"end":{"line":3,"column":28}},"loc":{"start":{"line":3,"column":33},"end":{"line":5,"column":1}},"line":3},"1":{"name":"(anonymous_1)","decl":{"start":{"line":7,"column":27},"end":{"line":7,"column":28}},"loc":{"start":{"line":7,"column":40},"end":{"line":17,"column":1}},"line":7},"2":{"name":"(anonymous_2)","decl":{"start":{"line":8,"column":23},"end":{"line":8,"column":24}},"loc":{"start":{"line":8,"column":44},"end":{"line":16,"column":5}},"line":8},"3":{"name":"(anonymous_3)","decl":{"start":{"line":10,"column":13},"end":{"line":10,"column":14}},"loc":{"start":{"line":10,"column":32},"end":{"line":12,"column":8}},"line":10},"4":{"name":"(anonymous_4)","decl":{"start":{"line":13,"column":14},"end":{"line":13,"column":15}},"loc":{"start":{"line":13,"column":23},"end":{"line":15,"column":8}},"line":13},"5":{"name":"(anonymous_5)","decl":{"start":{"line":19,"column":29},"end":{"line":19,"column":30}},"loc":{"start":{"line":19,"column":42},"end":{"line":24,"column":1}},"line":19}},"branchMap":{},"s":{"0":2,"1":2,"2":2,"3":2,"4":3,"5":3,"6":3,"7":0,"8":2,"9":2,"10":2},"f":{"0":2,"1":3,"2":3,"3":3,"4":0,"5":2},"b":{},"_coverageSchema":"1a1c01bbd47fc00a2c39e90264f33305004495a9","hash":"f2f1413548fb7ce8df4c911a07a9c99a4dca1ac9"}
,"/Users/p3rolix/code/BackEnds/landingSh3ck/api/resources/interestedUsers/interestedUsers.model.js": {"path":"/Users/p3rolix/code/BackEnds/landingSh3ck/api/resources/interestedUsers/interestedUsers.model.js","statementMap":{"0":{"start":{"line":1,"column":17},"end":{"line":1,"column":36}},"1":{"start":{"line":2,"column":15},"end":{"line":2,"column":30}},"2":{"start":{"line":4,"column":23},"end":{"line":21,"column":3}},"3":{"start":{"line":23,"column":0},"end":{"line":23,"column":31}}},"fnMap":{},"branchMap":{},"s":{"0":2,"1":2,"2":2,"3":2},"f":{},"b":{},"_coverageSchema":"1a1c01bbd47fc00a2c39e90264f33305004495a9","hash":"5e38a91b60cce6fc2e24e30c204be5be445c688e"}
,"/Users/p3rolix/code/BackEnds/landingSh3ck/api/resources/interestedUsers/interestedUsers.routes.js": {"path":"/Users/p3rolix/code/BackEnds/landingSh3ck/api/resources/interestedUsers/interestedUsers.routes.js","statementMap":{"0":{"start":{"line":1,"column":16},"end":{"line":1,"column":34}},"1":{"start":{"line":2,"column":15},"end":{"line":2,"column":47}},"2":{"start":{"line":3,"column":22},"end":{"line":3,"column":59}},"3":{"start":{"line":4,"column":34},"end":{"line":4,"column":73}},"4":{"start":{"line":5,"column":26},"end":{"line":5,"column":77}},"5":{"start":{"line":6,"column":20},"end":{"line":6,"column":75}},"6":{"start":{"line":7,"column":23},"end":{"line":7,"column":39}},"7":{"start":{"line":9,"column":33},"end":{"line":13,"column":1}},"8":{"start":{"line":10,"column":4},"end":{"line":10,"column":78}},"9":{"start":{"line":11,"column":4},"end":{"line":11,"column":69}},"10":{"start":{"line":12,"column":4},"end":{"line":12,"column":10}},"11":{"start":{"line":16,"column":0},"end":{"line":21,"column":3}},"12":{"start":{"line":17,"column":4},"end":{"line":20,"column":6}},"13":{"start":{"line":19,"column":8},"end":{"line":19,"column":33}},"14":{"start":{"line":24,"column":0},"end":{"line":43,"column":3}},"15":{"start":{"line":25,"column":18},"end":{"line":25,"column":26}},"16":{"start":{"line":28,"column":4},"end":{"line":28,"column":85}},"17":{"start":{"line":30,"column":4},"end":{"line":34,"column":5}},"18":{"start":{"line":31,"column":8},"end":{"line":31,"column":98}},"19":{"start":{"line":32,"column":8},"end":{"line":32,"column":51}},"20":{"start":{"line":33,"column":8},"end":{"line":33,"column":14}},"21":{"start":{"line":36,"column":27},"end":{"line":36,"column":88}},"22":{"start":{"line":37,"column":4},"end":{"line":37,"column":69}},"23":{"start":{"line":39,"column":4},"end":{"line":39,"column":56}},"24":{"start":{"line":40,"column":4},"end":{"line":40,"column":54}},"25":{"start":{"line":46,"column":0},"end":{"line":46,"column":31}}},"fnMap":{"0":{"name":"(anonymous_0)","decl":{"start":{"line":9,"column":33},"end":{"line":9,"column":34}},"loc":{"start":{"line":9,"column":53},"end":{"line":13,"column":1}},"line":9},"1":{"name":"(anonymous_1)","decl":{"start":{"line":16,"column":41},"end":{"line":16,"column":42}},"loc":{"start":{"line":16,"column":53},"end":{"line":21,"column":1}},"line":16},"2":{"name":"(anonymous_2)","decl":{"start":{"line":18,"column":10},"end":{"line":18,"column":11}},"loc":{"start":{"line":18,"column":29},"end":{"line":20,"column":5}},"line":18},"3":{"name":"(anonymous_3)","decl":{"start":{"line":24,"column":85},"end":{"line":24,"column":86}},"loc":{"start":{"line":24,"column":102},"end":{"line":43,"column":1}},"line":24}},"branchMap":{"0":{"loc":{"start":{"line":10,"column":4},"end":{"line":10,"column":78}},"type":"binary-expr","locations":[{"start":{"line":10,"column":4},"end":{"line":10,"column":21}},{"start":{"line":10,"column":26},"end":{"line":10,"column":77}}],"line":10},"1":{"loc":{"start":{"line":11,"column":4},"end":{"line":11,"column":69}},"type":"binary-expr","locations":[{"start":{"line":11,"column":4},"end":{"line":11,"column":18}},{"start":{"line":11,"column":23},"end":{"line":11,"column":68}}],"line":11},"2":{"loc":{"start":{"line":30,"column":4},"end":{"line":34,"column":5}},"type":"if","locations":[{"start":{"line":30,"column":4},"end":{"line":34,"column":5}},{"start":{},"end":{}}],"line":30}},"s":{"0":2,"1":2,"2":2,"3":2,"4":2,"5":2,"6":2,"7":2,"8":3,"9":3,"10":3,"11":2,"12":2,"13":2,"14":2,"15":3,"16":3,"17":3,"18":1,"19":1,"20":1,"21":2,"22":2,"23":2,"24":2,"25":2},"f":{"0":3,"1":2,"2":2,"3":3},"b":{"0":[3,3],"1":[3,3],"2":[1,2]},"_coverageSchema":"1a1c01bbd47fc00a2c39e90264f33305004495a9","hash":"1b027aaf95a1438009602dd56bd73d92ba82fc34"}
,"/Users/p3rolix/code/BackEnds/landingSh3ck/api/resources/interestedUsers/interestedUsers.validate.js": {"path":"/Users/p3rolix/code/BackEnds/landingSh3ck/api/resources/interestedUsers/interestedUsers.validate.js","statementMap":{"0":{"start":{"line":1,"column":12},"end":{"line":1,"column":32}},"1":{"start":{"line":2,"column":15},"end":{"line":2,"column":47}},"2":{"start":{"line":4,"column":33},"end":{"line":8,"column":2}},"3":{"start":{"line":10,"column":0},"end":{"line":23,"column":1}},"4":{"start":{"line":11,"column":19},"end":{"line":11,"column":99}},"5":{"start":{"line":12,"column":4},"end":{"line":22,"column":5}},"6":{"start":{"line":13,"column":8},"end":{"line":13,"column":14}},"7":{"start":{"line":16,"column":33},"end":{"line":19,"column":13}},"8":{"start":{"line":17,"column":12},"end":{"line":17,"column":53}},"9":{"start":{"line":20,"column":8},"end":{"line":20,"column":83}},"10":{"start":{"line":21,"column":8},"end":{"line":21,"column":74}}},"fnMap":{"0":{"name":"(anonymous_0)","decl":{"start":{"line":10,"column":17},"end":{"line":10,"column":18}},"loc":{"start":{"line":10,"column":39},"end":{"line":23,"column":1}},"line":10},"1":{"name":"(anonymous_1)","decl":{"start":{"line":16,"column":61},"end":{"line":16,"column":62}},"loc":{"start":{"line":16,"column":84},"end":{"line":19,"column":9}},"line":16}},"branchMap":{"0":{"loc":{"start":{"line":12,"column":4},"end":{"line":22,"column":5}},"type":"if","locations":[{"start":{"line":12,"column":4},"end":{"line":22,"column":5}},{"start":{"line":14,"column":9},"end":{"line":22,"column":5}}],"line":12}},"s":{"0":2,"1":2,"2":2,"3":2,"4":10,"5":10,"6":3,"7":7,"8":7,"9":7,"10":7},"f":{"0":10,"1":7},"b":{"0":[3,7]},"_coverageSchema":"1a1c01bbd47fc00a2c39e90264f33305004495a9","hash":"fe2ee3797115e06b1a47a2b72ff1896ffcfe2f25"}
,"/Users/p3rolix/code/BackEnds/landingSh3ck/api/resources/users/users.controller.js": {"path":"/Users/p3rolix/code/BackEnds/landingSh3ck/api/resources/users/users.controller.js","statementMap":{"0":{"start":{"line":1,"column":15},"end":{"line":1,"column":47}},"1":{"start":{"line":2,"column":13},"end":{"line":2,"column":37}},"2":{"start":{"line":5,"column":17},"end":{"line":7,"column":1}},"3":{"start":{"line":6,"column":4},"end":{"line":6,"column":24}},"4":{"start":{"line":9,"column":17},"end":{"line":19,"column":1}},"5":{"start":{"line":10,"column":4},"end":{"line":18,"column":6}},"6":{"start":{"line":11,"column":8},"end":{"line":17,"column":10}},"7":{"start":{"line":13,"column":12},"end":{"line":13,"column":38}},"8":{"start":{"line":16,"column":12},"end":{"line":16,"column":25}},"9":{"start":{"line":21,"column":25},"end":{"line":28,"column":1}},"10":{"start":{"line":25,"column":4},"end":{"line":25,"column":52}},"11":{"start":{"line":25,"column":15},"end":{"line":25,"column":52}},"12":{"start":{"line":26,"column":4},"end":{"line":26,"column":44}},"13":{"start":{"line":26,"column":12},"end":{"line":26,"column":44}},"14":{"start":{"line":27,"column":4},"end":{"line":27,"column":99}},"15":{"start":{"line":30,"column":23},"end":{"line":35,"column":1}},"16":{"start":{"line":33,"column":4},"end":{"line":33,"column":51}},"17":{"start":{"line":33,"column":15},"end":{"line":33,"column":51}},"18":{"start":{"line":34,"column":4},"end":{"line":34,"column":99}},"19":{"start":{"line":73,"column":19},"end":{"line":78,"column":1}},"20":{"start":{"line":74,"column":4},"end":{"line":77,"column":13}},"21":{"start":{"line":80,"column":22},"end":{"line":88,"column":1}},"22":{"start":{"line":81,"column":4},"end":{"line":87,"column":6}},"23":{"start":{"line":91,"column":0},"end":{"line":98,"column":1}}},"fnMap":{"0":{"name":"(anonymous_0)","decl":{"start":{"line":5,"column":17},"end":{"line":5,"column":18}},"loc":{"start":{"line":5,"column":23},"end":{"line":7,"column":1}},"line":5},"1":{"name":"(anonymous_1)","decl":{"start":{"line":9,"column":17},"end":{"line":9,"column":18}},"loc":{"start":{"line":9,"column":30},"end":{"line":19,"column":1}},"line":9},"2":{"name":"(anonymous_2)","decl":{"start":{"line":10,"column":23},"end":{"line":10,"column":24}},"loc":{"start":{"line":10,"column":43},"end":{"line":18,"column":5}},"line":10},"3":{"name":"(anonymous_3)","decl":{"start":{"line":12,"column":15},"end":{"line":12,"column":16}},"loc":{"start":{"line":12,"column":24},"end":{"line":14,"column":9}},"line":12},"4":{"name":"(anonymous_4)","decl":{"start":{"line":15,"column":15},"end":{"line":15,"column":16}},"loc":{"start":{"line":15,"column":24},"end":{"line":17,"column":9}},"line":15},"5":{"name":"(anonymous_5)","decl":{"start":{"line":21,"column":25},"end":{"line":21,"column":26}},"loc":{"start":{"line":24,"column":6},"end":{"line":28,"column":1}},"line":24},"6":{"name":"(anonymous_6)","decl":{"start":{"line":30,"column":23},"end":{"line":30,"column":24}},"loc":{"start":{"line":32,"column":6},"end":{"line":35,"column":1}},"line":32},"7":{"name":"(anonymous_7)","decl":{"start":{"line":73,"column":19},"end":{"line":73,"column":20}},"loc":{"start":{"line":73,"column":43},"end":{"line":78,"column":1}},"line":73},"8":{"name":"(anonymous_8)","decl":{"start":{"line":80,"column":22},"end":{"line":80,"column":23}},"loc":{"start":{"line":80,"column":41},"end":{"line":88,"column":1}},"line":80}},"branchMap":{"0":{"loc":{"start":{"line":25,"column":4},"end":{"line":25,"column":52}},"type":"if","locations":[{"start":{"line":25,"column":4},"end":{"line":25,"column":52}},{"start":{},"end":{}}],"line":25},"1":{"loc":{"start":{"line":26,"column":4},"end":{"line":26,"column":44}},"type":"if","locations":[{"start":{"line":26,"column":4},"end":{"line":26,"column":44}},{"start":{},"end":{}}],"line":26},"2":{"loc":{"start":{"line":33,"column":4},"end":{"line":33,"column":51}},"type":"if","locations":[{"start":{"line":33,"column":4},"end":{"line":33,"column":51}},{"start":{},"end":{}}],"line":33}},"s":{"0":2,"1":2,"2":2,"3":1,"4":2,"5":1,"6":1,"7":1,"8":0,"9":2,"10":0,"11":0,"12":0,"13":0,"14":0,"15":2,"16":0,"17":0,"18":0,"19":2,"20":1,"21":2,"22":0,"23":2},"f":{"0":1,"1":1,"2":1,"3":1,"4":0,"5":0,"6":0,"7":1,"8":0},"b":{"0":[0,0],"1":[0,0],"2":[0,0]},"_coverageSchema":"1a1c01bbd47fc00a2c39e90264f33305004495a9","hash":"57cd5900a48e4bf74aa95a0c8ad34e2352d8fed7"}
,"/Users/p3rolix/code/BackEnds/landingSh3ck/api/resources/users/users.errors.js": {"path":"/Users/p3rolix/code/BackEnds/landingSh3ck/api/resources/users/users.errors.js","statementMap":{"0":{"start":{"line":3,"column":8},"end":{"line":3,"column":22}},"1":{"start":{"line":4,"column":8},"end":{"line":4,"column":87}},"2":{"start":{"line":5,"column":8},"end":{"line":5,"column":25}},"3":{"start":{"line":6,"column":8},"end":{"line":6,"column":38}},"4":{"start":{"line":12,"column":8},"end":{"line":12,"column":22}},"5":{"start":{"line":13,"column":8},"end":{"line":13,"column":57}},"6":{"start":{"line":14,"column":8},"end":{"line":14,"column":25}},"7":{"start":{"line":15,"column":8},"end":{"line":15,"column":42}},"8":{"start":{"line":20,"column":0},"end":{"line":23,"column":1}}},"fnMap":{"0":{"name":"(anonymous_0)","decl":{"start":{"line":2,"column":4},"end":{"line":2,"column":5}},"loc":{"start":{"line":2,"column":24},"end":{"line":7,"column":5}},"line":2},"1":{"name":"(anonymous_1)","decl":{"start":{"line":11,"column":4},"end":{"line":11,"column":5}},"loc":{"start":{"line":11,"column":24},"end":{"line":16,"column":5}},"line":11}},"branchMap":{"0":{"loc":{"start":{"line":4,"column":23},"end":{"line":4,"column":87}},"type":"binary-expr","locations":[{"start":{"line":4,"column":23},"end":{"line":4,"column":30}},{"start":{"line":4,"column":34},"end":{"line":4,"column":87}}],"line":4},"1":{"loc":{"start":{"line":13,"column":23},"end":{"line":13,"column":57}},"type":"binary-expr","locations":[{"start":{"line":13,"column":23},"end":{"line":13,"column":30}},{"start":{"line":13,"column":34},"end":{"line":13,"column":57}}],"line":13}},"s":{"0":0,"1":0,"2":0,"3":0,"4":0,"5":0,"6":0,"7":0,"8":2},"f":{"0":0,"1":0},"b":{"0":[0,0],"1":[0,0]},"_coverageSchema":"1a1c01bbd47fc00a2c39e90264f33305004495a9","hash":"d83e46a2fc969f9dc0cf8e08f3a52df1bdb3e685"}
,"/Users/p3rolix/code/BackEnds/landingSh3ck/api/resources/users/users.model.js": {"path":"/Users/p3rolix/code/BackEnds/landingSh3ck/api/resources/users/users.model.js","statementMap":{"0":{"start":{"line":1,"column":17},"end":{"line":1,"column":36}},"1":{"start":{"line":2,"column":15},"end":{"line":2,"column":30}},"2":{"start":{"line":4,"column":13},"end":{"line":35,"column":3}},"3":{"start":{"line":37,"column":0},"end":{"line":37,"column":21}}},"fnMap":{},"branchMap":{},"s":{"0":2,"1":2,"2":2,"3":2},"f":{},"b":{},"_coverageSchema":"1a1c01bbd47fc00a2c39e90264f33305004495a9","hash":"ce4475ff5b067001799e4325d0b02f4ea6b306db"}
,"/Users/p3rolix/code/BackEnds/landingSh3ck/api/resources/users/users.routes.js": {"path":"/Users/p3rolix/code/BackEnds/landingSh3ck/api/resources/users/users.routes.js","statementMap":{"0":{"start":{"line":1,"column":16},"end":{"line":1,"column":34}},"1":{"start":{"line":2,"column":15},"end":{"line":2,"column":32}},"2":{"start":{"line":3,"column":12},"end":{"line":3,"column":35}},"3":{"start":{"line":4,"column":17},"end":{"line":4,"column":36}},"4":{"start":{"line":6,"column":13},"end":{"line":6,"column":37}},"5":{"start":{"line":7,"column":15},"end":{"line":7,"column":47}},"6":{"start":{"line":8,"column":20},"end":{"line":8,"column":75}},"7":{"start":{"line":9,"column":25},"end":{"line":9,"column":73}},"8":{"start":{"line":10,"column":15},"end":{"line":10,"column":41}},"9":{"start":{"line":11,"column":22},"end":{"line":11,"column":63}},"10":{"start":{"line":12,"column":29},"end":{"line":12,"column":77}},"11":{"start":{"line":13,"column":30},"end":{"line":13,"column":79}},"12":{"start":{"line":14,"column":20},"end":{"line":14,"column":36}},"13":{"start":{"line":15,"column":23},"end":{"line":15,"column":52}},"14":{"start":{"line":16,"column":25},"end":{"line":16,"column":76}},"15":{"start":{"line":17,"column":29},"end":{"line":17,"column":54}},"16":{"start":{"line":20,"column":33},"end":{"line":24,"column":1}},"17":{"start":{"line":21,"column":4},"end":{"line":21,"column":78}},"18":{"start":{"line":22,"column":4},"end":{"line":22,"column":69}},"19":{"start":{"line":23,"column":4},"end":{"line":23,"column":10}},"20":{"start":{"line":26,"column":0},"end":{"line":31,"column":3}},"21":{"start":{"line":27,"column":4},"end":{"line":30,"column":6}},"22":{"start":{"line":29,"column":8},"end":{"line":29,"column":23}},"23":{"start":{"line":33,"column":0},"end":{"line":59,"column":3}},"24":{"start":{"line":34,"column":18},"end":{"line":34,"column":26}},"25":{"start":{"line":37,"column":4},"end":{"line":37,"column":54}},"26":{"start":{"line":39,"column":4},"end":{"line":43,"column":5}},"27":{"start":{"line":40,"column":8},"end":{"line":40,"column":77}},"28":{"start":{"line":41,"column":8},"end":{"line":41,"column":51}},"29":{"start":{"line":42,"column":8},"end":{"line":42,"column":14}},"30":{"start":{"line":44,"column":22},"end":{"line":44,"column":61}},"31":{"start":{"line":45,"column":16},"end":{"line":45,"column":36}},"32":{"start":{"line":46,"column":4},"end":{"line":46,"column":20}},"33":{"start":{"line":47,"column":4},"end":{"line":57,"column":6}},"34":{"start":{"line":48,"column":8},"end":{"line":51,"column":9}},"35":{"start":{"line":49,"column":12},"end":{"line":49,"column":54}},"36":{"start":{"line":50,"column":12},"end":{"line":50,"column":40}},"37":{"start":{"line":52,"column":8},"end":{"line":52,"column":59}},"38":{"start":{"line":53,"column":8},"end":{"line":53,"column":77}},"39":{"start":{"line":54,"column":8},"end":{"line":54,"column":54}},"40":{"start":{"line":55,"column":8},"end":{"line":55,"column":46}},"41":{"start":{"line":62,"column":0},"end":{"line":92,"column":3}},"42":{"start":{"line":63,"column":24},"end":{"line":63,"column":32}},"43":{"start":{"line":66,"column":4},"end":{"line":66,"column":83}},"44":{"start":{"line":68,"column":4},"end":{"line":72,"column":5}},"45":{"start":{"line":69,"column":8},"end":{"line":69,"column":79}},"46":{"start":{"line":70,"column":8},"end":{"line":70,"column":52}},"47":{"start":{"line":71,"column":8},"end":{"line":71,"column":14}},"48":{"start":{"line":74,"column":22},"end":{"line":74,"column":35}},"49":{"start":{"line":77,"column":4},"end":{"line":77,"column":65}},"50":{"start":{"line":79,"column":4},"end":{"line":91,"column":5}},"51":{"start":{"line":80,"column":8},"end":{"line":80,"column":38}},"52":{"start":{"line":81,"column":22},"end":{"line":84,"column":10}},"53":{"start":{"line":85,"column":8},"end":{"line":85,"column":88}},"54":{"start":{"line":86,"column":8},"end":{"line":86,"column":37}},"55":{"start":{"line":87,"column":8},"end":{"line":87,"column":14}},"56":{"start":{"line":89,"column":8},"end":{"line":89,"column":98}},"57":{"start":{"line":90,"column":8},"end":{"line":90,"column":53}},"58":{"start":{"line":94,"column":0},"end":{"line":118,"column":3}},"59":{"start":{"line":95,"column":26},"end":{"line":95,"column":34}},"60":{"start":{"line":98,"column":4},"end":{"line":98,"column":83}},"61":{"start":{"line":99,"column":4},"end":{"line":103,"column":5}},"62":{"start":{"line":100,"column":8},"end":{"line":100,"column":81}},"63":{"start":{"line":101,"column":8},"end":{"line":101,"column":54}},"64":{"start":{"line":102,"column":8},"end":{"line":102,"column":14}},"65":{"start":{"line":104,"column":4},"end":{"line":104,"column":26}},"66":{"start":{"line":105,"column":22},"end":{"line":105,"column":61}},"67":{"start":{"line":106,"column":16},"end":{"line":106,"column":36}},"68":{"start":{"line":107,"column":4},"end":{"line":107,"column":20}},"69":{"start":{"line":108,"column":4},"end":{"line":117,"column":6}},"70":{"start":{"line":109,"column":8},"end":{"line":112,"column":9}},"71":{"start":{"line":110,"column":12},"end":{"line":110,"column":54}},"72":{"start":{"line":111,"column":12},"end":{"line":111,"column":40}},"73":{"start":{"line":113,"column":26},"end":{"line":113,"column":85}},"74":{"start":{"line":114,"column":8},"end":{"line":114,"column":32}},"75":{"start":{"line":115,"column":8},"end":{"line":115,"column":58}},"76":{"start":{"line":116,"column":8},"end":{"line":116,"column":48}},"77":{"start":{"line":122,"column":0},"end":{"line":126,"column":2}},"78":{"start":{"line":123,"column":19},"end":{"line":123,"column":36}},"79":{"start":{"line":124,"column":4},"end":{"line":124,"column":25}},"80":{"start":{"line":125,"column":4},"end":{"line":125,"column":22}},"81":{"start":{"line":128,"column":0},"end":{"line":128,"column":28}}},"fnMap":{"0":{"name":"(anonymous_0)","decl":{"start":{"line":20,"column":33},"end":{"line":20,"column":34}},"loc":{"start":{"line":20,"column":53},"end":{"line":24,"column":1}},"line":20},"1":{"name":"(anonymous_1)","decl":{"start":{"line":26,"column":38},"end":{"line":26,"column":39}},"loc":{"start":{"line":26,"column":50},"end":{"line":31,"column":1}},"line":26},"2":{"name":"(anonymous_2)","decl":{"start":{"line":28,"column":10},"end":{"line":28,"column":11}},"loc":{"start":{"line":28,"column":19},"end":{"line":30,"column":5}},"line":28},"3":{"name":"(anonymous_3)","decl":{"start":{"line":33,"column":82},"end":{"line":33,"column":83}},"loc":{"start":{"line":33,"column":99},"end":{"line":59,"column":1}},"line":33},"4":{"name":"(anonymous_4)","decl":{"start":{"line":47,"column":25},"end":{"line":47,"column":26}},"loc":{"start":{"line":47,"column":52},"end":{"line":57,"column":5}},"line":47},"5":{"name":"(anonymous_5)","decl":{"start":{"line":62,"column":94},"end":{"line":62,"column":95}},"loc":{"start":{"line":62,"column":112},"end":{"line":92,"column":1}},"line":62},"6":{"name":"(anonymous_6)","decl":{"start":{"line":94,"column":66},"end":{"line":94,"column":67}},"loc":{"start":{"line":94,"column":84},"end":{"line":118,"column":1}},"line":94},"7":{"name":"(anonymous_7)","decl":{"start":{"line":108,"column":25},"end":{"line":108,"column":26}},"loc":{"start":{"line":108,"column":52},"end":{"line":117,"column":5}},"line":108},"8":{"name":"(anonymous_8)","decl":{"start":{"line":122,"column":41},"end":{"line":122,"column":42}},"loc":{"start":{"line":122,"column":54},"end":{"line":126,"column":1}},"line":122}},"branchMap":{"0":{"loc":{"start":{"line":21,"column":4},"end":{"line":21,"column":78}},"type":"binary-expr","locations":[{"start":{"line":21,"column":4},"end":{"line":21,"column":21}},{"start":{"line":21,"column":26},"end":{"line":21,"column":77}}],"line":21},"1":{"loc":{"start":{"line":22,"column":4},"end":{"line":22,"column":69}},"type":"binary-expr","locations":[{"start":{"line":22,"column":4},"end":{"line":22,"column":18}},{"start":{"line":22,"column":23},"end":{"line":22,"column":68}}],"line":22},"2":{"loc":{"start":{"line":39,"column":4},"end":{"line":43,"column":5}},"type":"if","locations":[{"start":{"line":39,"column":4},"end":{"line":43,"column":5}},{"start":{},"end":{}}],"line":39},"3":{"loc":{"start":{"line":48,"column":8},"end":{"line":51,"column":9}},"type":"if","locations":[{"start":{"line":48,"column":8},"end":{"line":51,"column":9}},{"start":{},"end":{}}],"line":48},"4":{"loc":{"start":{"line":68,"column":4},"end":{"line":72,"column":5}},"type":"if","locations":[{"start":{"line":68,"column":4},"end":{"line":72,"column":5}},{"start":{},"end":{}}],"line":68},"5":{"loc":{"start":{"line":79,"column":4},"end":{"line":91,"column":5}},"type":"if","locations":[{"start":{"line":79,"column":4},"end":{"line":91,"column":5}},{"start":{"line":88,"column":9},"end":{"line":91,"column":5}}],"line":79},"6":{"loc":{"start":{"line":99,"column":4},"end":{"line":103,"column":5}},"type":"if","locations":[{"start":{"line":99,"column":4},"end":{"line":103,"column":5}},{"start":{},"end":{}}],"line":99},"7":{"loc":{"start":{"line":109,"column":8},"end":{"line":112,"column":9}},"type":"if","locations":[{"start":{"line":109,"column":8},"end":{"line":112,"column":9}},{"start":{},"end":{}}],"line":109}},"s":{"0":2,"1":2,"2":2,"3":2,"4":2,"5":2,"6":2,"7":2,"8":2,"9":2,"10":2,"11":2,"12":2,"13":2,"14":2,"15":2,"16":2,"17":1,"18":1,"19":1,"20":2,"21":1,"22":1,"23":2,"24":1,"25":1,"26":1,"27":0,"28":0,"29":0,"30":1,"31":1,"32":1,"33":1,"34":1,"35":0,"36":0,"37":1,"38":1,"39":1,"40":1,"41":2,"42":0,"43":0,"44":0,"45":0,"46":0,"47":0,"48":0,"49":0,"50":0,"51":0,"52":0,"53":0,"54":0,"55":0,"56":0,"57":0,"58":2,"59":0,"60":0,"61":0,"62":0,"63":0,"64":0,"65":0,"66":0,"67":0,"68":0,"69":0,"70":0,"71":0,"72":0,"73":0,"74":0,"75":0,"76":0,"77":2,"78":0,"79":0,"80":0,"81":2},"f":{"0":1,"1":1,"2":1,"3":1,"4":1,"5":0,"6":0,"7":0,"8":0},"b":{"0":[1,1],"1":[1,1],"2":[0,1],"3":[0,1],"4":[0,0],"5":[0,0],"6":[0,0],"7":[0,0]},"_coverageSchema":"1a1c01bbd47fc00a2c39e90264f33305004495a9","hash":"643aa64024b4a32d9d9c13b767c9aa2611e37964"}
,"/Users/p3rolix/code/BackEnds/landingSh3ck/api/resources/users/users.validate.js": {"path":"/Users/p3rolix/code/BackEnds/landingSh3ck/api/resources/users/users.validate.js","statementMap":{"0":{"start":{"line":1,"column":12},"end":{"line":1,"column":32}},"1":{"start":{"line":2,"column":15},"end":{"line":2,"column":47}},"2":{"start":{"line":4,"column":23},"end":{"line":8,"column":2}},"3":{"start":{"line":10,"column":22},"end":{"line":21,"column":1}},"4":{"start":{"line":11,"column":19},"end":{"line":11,"column":89}},"5":{"start":{"line":12,"column":4},"end":{"line":20,"column":5}},"6":{"start":{"line":13,"column":8},"end":{"line":13,"column":14}},"7":{"start":{"line":15,"column":33},"end":{"line":17,"column":13}},"8":{"start":{"line":16,"column":12},"end":{"line":16,"column":53}},"9":{"start":{"line":18,"column":8},"end":{"line":18,"column":83}},"10":{"start":{"line":19,"column":8},"end":{"line":19,"column":74}},"11":{"start":{"line":23,"column":30},"end":{"line":26,"column":2}},"12":{"start":{"line":28,"column":29},"end":{"line":40,"column":1}},"13":{"start":{"line":29,"column":19},"end":{"line":29,"column":95}},"14":{"start":{"line":30,"column":4},"end":{"line":38,"column":5}},"15":{"start":{"line":31,"column":8},"end":{"line":31,"column":14}},"16":{"start":{"line":33,"column":33},"end":{"line":35,"column":13}},"17":{"start":{"line":34,"column":12},"end":{"line":34,"column":53}},"18":{"start":{"line":36,"column":8},"end":{"line":36,"column":84}},"19":{"start":{"line":37,"column":8},"end":{"line":37,"column":74}},"20":{"start":{"line":42,"column":31},"end":{"line":45,"column":2}},"21":{"start":{"line":47,"column":30},"end":{"line":58,"column":1}},"22":{"start":{"line":48,"column":19},"end":{"line":48,"column":98}},"23":{"start":{"line":49,"column":4},"end":{"line":57,"column":5}},"24":{"start":{"line":50,"column":8},"end":{"line":50,"column":14}},"25":{"start":{"line":52,"column":33},"end":{"line":54,"column":13}},"26":{"start":{"line":53,"column":12},"end":{"line":53,"column":53}},"27":{"start":{"line":55,"column":8},"end":{"line":55,"column":84}},"28":{"start":{"line":56,"column":8},"end":{"line":56,"column":74}},"29":{"start":{"line":60,"column":0},"end":{"line":64,"column":1}}},"fnMap":{"0":{"name":"(anonymous_0)","decl":{"start":{"line":10,"column":22},"end":{"line":10,"column":23}},"loc":{"start":{"line":10,"column":44},"end":{"line":21,"column":1}},"line":10},"1":{"name":"(anonymous_1)","decl":{"start":{"line":15,"column":61},"end":{"line":15,"column":62}},"loc":{"start":{"line":15,"column":84},"end":{"line":17,"column":9}},"line":15},"2":{"name":"(anonymous_2)","decl":{"start":{"line":28,"column":29},"end":{"line":28,"column":30}},"loc":{"start":{"line":28,"column":51},"end":{"line":40,"column":1}},"line":28},"3":{"name":"(anonymous_3)","decl":{"start":{"line":33,"column":61},"end":{"line":33,"column":62}},"loc":{"start":{"line":33,"column":84},"end":{"line":35,"column":9}},"line":33},"4":{"name":"(anonymous_4)","decl":{"start":{"line":47,"column":30},"end":{"line":47,"column":31}},"loc":{"start":{"line":47,"column":50},"end":{"line":58,"column":1}},"line":47},"5":{"name":"(anonymous_5)","decl":{"start":{"line":52,"column":61},"end":{"line":52,"column":62}},"loc":{"start":{"line":52,"column":84},"end":{"line":54,"column":9}},"line":52}},"branchMap":{"0":{"loc":{"start":{"line":12,"column":4},"end":{"line":20,"column":5}},"type":"if","locations":[{"start":{"line":12,"column":4},"end":{"line":20,"column":5}},{"start":{"line":14,"column":9},"end":{"line":20,"column":5}}],"line":12},"1":{"loc":{"start":{"line":30,"column":4},"end":{"line":38,"column":5}},"type":"if","locations":[{"start":{"line":30,"column":4},"end":{"line":38,"column":5}},{"start":{"line":32,"column":10},"end":{"line":38,"column":5}}],"line":30},"2":{"loc":{"start":{"line":49,"column":4},"end":{"line":57,"column":5}},"type":"if","locations":[{"start":{"line":49,"column":4},"end":{"line":57,"column":5}},{"start":{"line":51,"column":9},"end":{"line":57,"column":5}}],"line":49}},"s":{"0":2,"1":2,"2":2,"3":2,"4":13,"5":13,"6":1,"7":12,"8":21,"9":12,"10":12,"11":2,"12":2,"13":2,"14":2,"15":0,"16":2,"17":4,"18":2,"19":2,"20":2,"21":2,"22":0,"23":0,"24":0,"25":0,"26":0,"27":0,"28":0,"29":2},"f":{"0":13,"1":21,"2":2,"3":4,"4":0,"5":0},"b":{"0":[1,12],"1":[0,2],"2":[0,0]},"_coverageSchema":"1a1c01bbd47fc00a2c39e90264f33305004495a9","hash":"66de4299cf5934128a56c80f50c1b56d566e3b78"}
,"/Users/p3rolix/code/BackEnds/landingSh3ck/config/index.js": {"path":"/Users/p3rolix/code/BackEnds/landingSh3ck/config/index.js","statementMap":{"0":{"start":{"line":1,"column":20},"end":{"line":1,"column":57}},"1":{"start":{"line":2,"column":26},"end":{"line":6,"column":1}},"2":{"start":{"line":8,"column":31},"end":{"line":8,"column":33}},"3":{"start":{"line":10,"column":0},"end":{"line":27,"column":1}},"4":{"start":{"line":14,"column":8},"end":{"line":14,"column":51}},"5":{"start":{"line":15,"column":8},"end":{"line":15,"column":13}},"6":{"start":{"line":19,"column":8},"end":{"line":19,"column":52}},"7":{"start":{"line":20,"column":8},"end":{"line":20,"column":13}},"8":{"start":{"line":22,"column":8},"end":{"line":22,"column":52}},"9":{"start":{"line":23,"column":8},"end":{"line":23,"column":13}},"10":{"start":{"line":25,"column":8},"end":{"line":25,"column":51}},"11":{"start":{"line":26,"column":8},"end":{"line":26,"column":13}},"12":{"start":{"line":29,"column":0},"end":{"line":33,"column":1}}},"fnMap":{},"branchMap":{"0":{"loc":{"start":{"line":1,"column":20},"end":{"line":1,"column":57}},"type":"binary-expr","locations":[{"start":{"line":1,"column":20},"end":{"line":1,"column":40}},{"start":{"line":1,"column":44},"end":{"line":1,"column":57}}],"line":1},"1":{"loc":{"start":{"line":10,"column":0},"end":{"line":27,"column":1}},"type":"switch","locations":[{"start":{"line":11,"column":4},"end":{"line":11,"column":24}},{"start":{"line":12,"column":4},"end":{"line":12,"column":15}},{"start":{"line":13,"column":4},"end":{"line":15,"column":13}},{"start":{"line":16,"column":4},"end":{"line":16,"column":22}},{"start":{"line":17,"column":4},"end":{"line":17,"column":16}},{"start":{"line":18,"column":4},"end":{"line":20,"column":13}},{"start":{"line":21,"column":4},"end":{"line":23,"column":13}},{"start":{"line":24,"column":4},"end":{"line":26,"column":13}}],"line":10}},"s":{"0":2,"1":2,"2":2,"3":2,"4":0,"5":0,"6":0,"7":0,"8":2,"9":2,"10":0,"11":0,"12":2},"f":{},"b":{"0":[2,0],"1":[0,0,0,0,0,0,2,0]},"_coverageSchema":"1a1c01bbd47fc00a2c39e90264f33305004495a9","hash":"e0076c6177c8dfe80099d3985e3af1d73b312574"}
,"/Users/p3rolix/code/BackEnds/landingSh3ck/config/test.js": {"path":"/Users/p3rolix/code/BackEnds/landingSh3ck/config/test.js","statementMap":{"0":{"start":{"line":1,"column":0},"end":{"line":7,"column":1}}},"fnMap":{},"branchMap":{},"s":{"0":2},"f":{},"b":{},"_coverageSchema":"1a1c01bbd47fc00a2c39e90264f33305004495a9","hash":"30335fc12df6027d90a293c1237c4a6aa1a13af2"}
,"/Users/p3rolix/code/BackEnds/landingSh3ck/utils/emailSender.js": {"path":"/Users/p3rolix/code/BackEnds/landingSh3ck/utils/emailSender.js","statementMap":{"0":{"start":{"line":1,"column":19},"end":{"line":1,"column":40}},"1":{"start":{"line":2,"column":15},"end":{"line":2,"column":34}},"2":{"start":{"line":4,"column":26},"end":{"line":32,"column":1}},"3":{"start":{"line":5,"column":34},"end":{"line":5,"column":88}},"4":{"start":{"line":6,"column":24},"end":{"line":8,"column":5}},"5":{"start":{"line":10,"column":24},"end":{"line":16,"column":10}},"6":{"start":{"line":18,"column":28},"end":{"line":23,"column":9}},"7":{"start":{"line":25,"column":8},"end":{"line":31,"column":10}},"8":{"start":{"line":26,"column":12},"end":{"line":30,"column":13}},"9":{"start":{"line":27,"column":16},"end":{"line":27,"column":35}},"10":{"start":{"line":29,"column":16},"end":{"line":29,"column":84}},"11":{"start":{"line":35,"column":0},"end":{"line":37,"column":1}}},"fnMap":{"0":{"name":"(anonymous_0)","decl":{"start":{"line":4,"column":26},"end":{"line":4,"column":27}},"loc":{"start":{"line":4,"column":53},"end":{"line":32,"column":1}},"line":4},"1":{"name":"(anonymous_1)","decl":{"start":{"line":25,"column":42},"end":{"line":25,"column":43}},"loc":{"start":{"line":25,"column":64},"end":{"line":31,"column":9}},"line":25}},"branchMap":{"0":{"loc":{"start":{"line":22,"column":21},"end":{"line":22,"column":87}},"type":"cond-expr","locations":[{"start":{"line":22,"column":52},"end":{"line":22,"column":73}},{"start":{"line":22,"column":76},"end":{"line":22,"column":87}}],"line":22},"1":{"loc":{"start":{"line":26,"column":12},"end":{"line":30,"column":13}},"type":"if","locations":[{"start":{"line":26,"column":12},"end":{"line":30,"column":13}},{"start":{"line":28,"column":17},"end":{"line":30,"column":13}}],"line":26}},"s":{"0":2,"1":2,"2":2,"3":3,"4":3,"5":3,"6":3,"7":3,"8":2,"9":0,"10":2,"11":2},"f":{"0":3,"1":2},"b":{"0":[2,1],"1":[0,2]},"_coverageSchema":"1a1c01bbd47fc00a2c39e90264f33305004495a9","hash":"4af6a7017110af5a5482144ddb45dc02d704e544"}
,"/Users/p3rolix/code/BackEnds/landingSh3ck/utils/logger.js": {"path":"/Users/p3rolix/code/BackEnds/landingSh3ck/utils/logger.js","statementMap":{"0":{"start":{"line":1,"column":16},"end":{"line":1,"column":34}},"1":{"start":{"line":4,"column":20},"end":{"line":7,"column":2}},"2":{"start":{"line":5,"column":4},"end":{"line":5,"column":63}},"3":{"start":{"line":6,"column":4},"end":{"line":6,"column":15}},"4":{"start":{"line":9,"column":0},"end":{"line":31,"column":2}}},"fnMap":{"0":{"name":"(anonymous_0)","decl":{"start":{"line":4,"column":35},"end":{"line":4,"column":36}},"loc":{"start":{"line":4,"column":44},"end":{"line":7,"column":1}},"line":4}},"branchMap":{},"s":{"0":2,"1":2,"2":58,"3":58,"4":2},"f":{"0":58},"b":{},"_coverageSchema":"1a1c01bbd47fc00a2c39e90264f33305004495a9","hash":"83a20ae0c96f28067de3b6fce2f2d1895c0cf3e7"}
}
