TN:
SF:database.js
FNF:0
FNH:0
DA:1,2
DA:29,2
DA:30,2
DA:32,2
LF:4
LH:4
BRF:0
BRH:0
end_of_record
TN:
SF:index.js
FN:26,(anonymous_0)
FN:42,(anonymous_1)
FN:45,(anonymous_2)
FN:67,(anonymous_3)
FN:72,(anonymous_4)
FNF:5
FNH:3
FNDA:28,(anonymous_0)
FNDA:2,(anonymous_1)
FNDA:0,(anonymous_2)
FNDA:0,(anonymous_3)
FNDA:2,(anonymous_4)
DA:1,2
DA:2,2
DA:3,2
DA:4,2
DA:5,2
DA:6,2
DA:8,2
DA:9,2
DA:10,2
DA:11,2
DA:14,2
DA:15,2
DA:16,2
DA:18,2
DA:19,2
DA:22,2
DA:23,2
DA:24,2
DA:26,28
DA:30,2
DA:31,2
DA:35,2
DA:37,2
DA:41,2
DA:43,2
DA:46,0
DA:57,2
DA:58,2
DA:59,2
DA:60,2
DA:61,2
DA:62,0
DA:64,2
DA:67,2
DA:68,0
DA:72,2
DA:73,2
DA:76,2
LF:38
LH:35
BRDA:19,0,0,2
BRDA:19,0,1,2
BRDA:61,1,0,0
BRDA:61,1,1,2
BRF:4
BRH:3
end_of_record
TN:
SF:api/libs/auth.js
FN:12,(anonymous_0)
FN:15,(anonymous_1)
FN:28,(anonymous_2)
FNF:3
FNH:0
FNDA:0,(anonymous_0)
FNDA:0,(anonymous_1)
FNDA:0,(anonymous_2)
DA:1,2
DA:2,2
DA:3,2
DA:4,2
DA:5,2
DA:7,2
DA:12,2
DA:13,0
DA:14,0
DA:16,0
DA:17,0
DA:18,0
DA:19,0
DA:21,0
DA:23,0
DA:29,0
DA:30,0
LF:17
LH:7
BRDA:16,0,0,0
BRDA:16,0,1,0
BRF:2
BRH:0
end_of_record
TN:
SF:api/libs/errorHandler.js
FN:4,(anonymous_0)
FN:5,(anonymous_1)
FN:10,(anonymous_2)
FN:21,(anonymous_3)
FN:28,(anonymous_4)
FNF:5
FNH:2
FNDA:12,(anonymous_0)
FNDA:7,(anonymous_1)
FNDA:0,(anonymous_2)
FNDA:0,(anonymous_3)
FNDA:0,(anonymous_4)
DA:1,2
DA:2,2
DA:4,2
DA:5,12
DA:6,7
DA:10,2
DA:11,0
DA:12,0
DA:13,0
DA:14,0
DA:15,0
DA:16,0
DA:18,0
DA:21,2
DA:22,0
DA:23,0
DA:28,2
DA:29,0
DA:30,0
DA:31,0
DA:32,0
LF:21
LH:8
BRDA:12,0,0,0
BRDA:12,0,1,0
BRDA:12,1,0,0
BRDA:12,1,1,0
BRDA:22,2,0,0
BRDA:22,2,1,0
BRDA:31,3,0,0
BRDA:31,3,1,0
BRDA:34,4,0,0
BRDA:34,4,1,0
BRF:10
BRH:0
end_of_record
TN:
SF:api/resources/counters/counters.routes.js
FN:11,(anonymous_0)
FN:16,(anonymous_1)
FN:18,(anonymous_2)
FN:23,(anonymous_3)
FN:27,(anonymous_4)
FNF:5
FNH:0
FNDA:0,(anonymous_0)
FNDA:0,(anonymous_1)
FNDA:0,(anonymous_2)
FNDA:0,(anonymous_3)
FNDA:0,(anonymous_4)
DA:1,2
DA:2,2
DA:3,2
DA:6,2
DA:7,2
DA:9,2
DA:11,2
DA:12,0
DA:13,0
DA:16,2
DA:17,0
DA:18,0
DA:19,0
DA:20,0
DA:23,2
DA:24,0
DA:25,0
DA:27,0
DA:28,0
DA:29,0
DA:30,0
DA:31,0
DA:32,0
DA:34,0
DA:38,2
LF:25
LH:10
BRDA:28,0,0,0
BRDA:28,0,1,0
BRF:2
BRH:0
end_of_record
TN:
SF:api/resources/interestedUsers/interestedUsers.controller.js
FN:3,(anonymous_0)
FN:7,(anonymous_1)
FN:8,(anonymous_2)
FN:10,(anonymous_3)
FN:13,(anonymous_4)
FN:19,(anonymous_5)
FNF:6
FNH:5
FNDA:2,(anonymous_0)
FNDA:3,(anonymous_1)
FNDA:3,(anonymous_2)
FNDA:3,(anonymous_3)
FNDA:0,(anonymous_4)
FNDA:2,(anonymous_5)
DA:1,2
DA:3,2
DA:4,2
DA:7,2
DA:8,3
DA:9,3
DA:11,3
DA:14,0
DA:19,2
DA:20,2
DA:26,2
LF:11
LH:10
BRF:0
BRH:0
end_of_record
TN:
SF:api/resources/interestedUsers/interestedUsers.model.js
FNF:0
FNH:0
DA:1,2
DA:2,2
DA:4,2
DA:23,2
LF:4
LH:4
BRF:0
BRH:0
end_of_record
TN:
SF:api/resources/interestedUsers/interestedUsers.routes.js
FN:9,(anonymous_0)
FN:16,(anonymous_1)
FN:18,(anonymous_2)
FN:24,(anonymous_3)
FNF:4
FNH:4
FNDA:3,(anonymous_0)
FNDA:2,(anonymous_1)
FNDA:2,(anonymous_2)
FNDA:3,(anonymous_3)
DA:1,2
DA:2,2
DA:3,2
DA:4,2
DA:5,2
DA:6,2
DA:7,2
DA:9,2
DA:10,3
DA:11,3
DA:12,3
DA:16,2
DA:17,2
DA:19,2
DA:24,2
DA:25,3
DA:28,3
DA:30,3
DA:31,1
DA:32,1
DA:33,1
DA:36,2
DA:37,2
DA:39,2
DA:40,2
DA:46,2
LF:26
LH:26
BRDA:10,0,0,3
BRDA:10,0,1,3
BRDA:11,1,0,3
BRDA:11,1,1,3
BRDA:30,2,0,1
BRDA:30,2,1,2
BRF:6
BRH:6
end_of_record
TN:
SF:api/resources/interestedUsers/interestedUsers.validate.js
FN:10,(anonymous_0)
FN:16,(anonymous_1)
FNF:2
FNH:2
FNDA:10,(anonymous_0)
FNDA:7,(anonymous_1)
DA:1,2
DA:2,2
DA:4,2
DA:10,2
DA:11,10
DA:12,10
DA:13,3
DA:16,7
DA:17,7
DA:20,7
DA:21,7
LF:11
LH:11
BRDA:12,0,0,3
BRDA:12,0,1,7
BRF:2
BRH:2
end_of_record
TN:
SF:api/resources/users/users.controller.js
FN:5,(anonymous_0)
FN:9,(anonymous_1)
FN:10,(anonymous_2)
FN:12,(anonymous_3)
FN:15,(anonymous_4)
FN:21,(anonymous_5)
FN:30,(anonymous_6)
FN:73,(anonymous_7)
FN:80,(anonymous_8)
FNF:9
FNH:5
FNDA:1,(anonymous_0)
FNDA:1,(anonymous_1)
FNDA:1,(anonymous_2)
FNDA:1,(anonymous_3)
FNDA:0,(anonymous_4)
FNDA:0,(anonymous_5)
FNDA:0,(anonymous_6)
FNDA:1,(anonymous_7)
FNDA:0,(anonymous_8)
DA:1,2
DA:2,2
DA:5,2
DA:6,1
DA:9,2
DA:10,1
DA:11,1
DA:13,1
DA:16,0
DA:21,2
DA:25,0
DA:26,0
DA:27,0
DA:30,2
DA:33,0
DA:34,0
DA:73,2
DA:74,1
DA:80,2
DA:81,0
DA:91,2
LF:21
LH:14
BRDA:25,0,0,0
BRDA:25,0,1,0
BRDA:26,1,0,0
BRDA:26,1,1,0
BRDA:33,2,0,0
BRDA:33,2,1,0
BRF:6
BRH:0
end_of_record
TN:
SF:api/resources/users/users.errors.js
FN:2,(anonymous_0)
FN:11,(anonymous_1)
FNF:2
FNH:0
FNDA:0,(anonymous_0)
FNDA:0,(anonymous_1)
DA:3,0
DA:4,0
DA:5,0
DA:6,0
DA:12,0
DA:13,0
DA:14,0
DA:15,0
DA:20,2
LF:9
LH:1
BRDA:4,0,0,0
BRDA:4,0,1,0
BRDA:13,1,0,0
BRDA:13,1,1,0
BRF:4
BRH:0
end_of_record
TN:
SF:api/resources/users/users.model.js
FNF:0
FNH:0
DA:1,2
DA:2,2
DA:4,2
DA:37,2
LF:4
LH:4
BRF:0
BRH:0
end_of_record
TN:
SF:api/resources/users/users.routes.js
FN:20,(anonymous_0)
FN:26,(anonymous_1)
FN:28,(anonymous_2)
FN:33,(anonymous_3)
FN:47,(anonymous_4)
FN:62,(anonymous_5)
FN:94,(anonymous_6)
FN:108,(anonymous_7)
FN:122,(anonymous_8)
FNF:9
FNH:5
FNDA:1,(anonymous_0)
FNDA:1,(anonymous_1)
FNDA:1,(anonymous_2)
FNDA:1,(anonymous_3)
FNDA:1,(anonymous_4)
FNDA:0,(anonymous_5)
FNDA:0,(anonymous_6)
FNDA:0,(anonymous_7)
FNDA:0,(anonymous_8)
DA:1,2
DA:2,2
DA:3,2
DA:4,2
DA:6,2
DA:7,2
DA:8,2
DA:9,2
DA:10,2
DA:11,2
DA:12,2
DA:13,2
DA:14,2
DA:15,2
DA:16,2
DA:17,2
DA:20,2
DA:21,1
DA:22,1
DA:23,1
DA:26,2
DA:27,1
DA:29,1
DA:33,2
DA:34,1
DA:37,1
DA:39,1
DA:40,0
DA:41,0
DA:42,0
DA:44,1
DA:45,1
DA:46,1
DA:47,1
DA:48,1
DA:49,0
DA:50,0
DA:52,1
DA:53,1
DA:54,1
DA:55,1
DA:62,2
DA:63,0
DA:66,0
DA:68,0
DA:69,0
DA:70,0
DA:71,0
DA:74,0
DA:77,0
DA:79,0
DA:80,0
DA:81,0
DA:85,0
DA:86,0
DA:87,0
DA:89,0
DA:90,0
DA:94,2
DA:95,0
DA:98,0
DA:99,0
DA:100,0
DA:101,0
DA:102,0
DA:104,0
DA:105,0
DA:106,0
DA:107,0
DA:108,0
DA:109,0
DA:110,0
DA:111,0
DA:113,0
DA:114,0
DA:115,0
DA:116,0
DA:122,2
DA:123,0
DA:124,0
DA:125,0
DA:128,2
LF:82
LH:40
BRDA:21,0,0,1
BRDA:21,0,1,1
BRDA:22,1,0,1
BRDA:22,1,1,1
BRDA:39,2,0,0
BRDA:39,2,1,1
BRDA:48,3,0,0
BRDA:48,3,1,1
BRDA:68,4,0,0
BRDA:68,4,1,0
BRDA:79,5,0,0
BRDA:79,5,1,0
BRDA:99,6,0,0
BRDA:99,6,1,0
BRDA:109,7,0,0
BRDA:109,7,1,0
BRF:16
BRH:6
end_of_record
TN:
SF:api/resources/users/users.validate.js
FN:10,(anonymous_0)
FN:15,(anonymous_1)
FN:28,(anonymous_2)
FN:33,(anonymous_3)
FN:47,(anonymous_4)
FN:52,(anonymous_5)
FNF:6
FNH:4
FNDA:13,(anonymous_0)
FNDA:21,(anonymous_1)
FNDA:2,(anonymous_2)
FNDA:4,(anonymous_3)
FNDA:0,(anonymous_4)
FNDA:0,(anonymous_5)
DA:1,2
DA:2,2
DA:4,2
DA:10,2
DA:11,13
DA:12,13
DA:13,1
DA:15,12
DA:16,21
DA:18,12
DA:19,12
DA:23,2
DA:28,2
DA:29,2
DA:30,2
DA:31,0
DA:33,2
DA:34,4
DA:36,2
DA:37,2
DA:42,2
DA:47,2
DA:48,0
DA:49,0
DA:50,0
DA:52,0
DA:53,0
DA:55,0
DA:56,0
DA:60,2
LF:30
LH:22
BRDA:12,0,0,1
BRDA:12,0,1,12
BRDA:30,1,0,0
BRDA:30,1,1,2
BRDA:49,2,0,0
BRDA:49,2,1,0
BRF:6
BRH:3
end_of_record
TN:
SF:config/index.js
FNF:0
FNH:0
DA:1,2
DA:2,2
DA:8,2
DA:10,2
DA:14,0
DA:15,0
DA:19,0
DA:20,0
DA:22,2
DA:23,2
DA:25,0
DA:26,0
DA:29,2
LF:13
LH:7
BRDA:1,0,0,2
BRDA:1,0,1,0
BRDA:10,1,0,0
BRDA:10,1,1,0
BRDA:10,1,2,0
BRDA:10,1,3,0
BRDA:10,1,4,0
BRDA:10,1,5,0
BRDA:10,1,6,2
BRDA:10,1,7,0
BRF:10
BRH:2
end_of_record
TN:
SF:config/test.js
FNF:0
FNH:0
DA:1,2
LF:1
LH:1
BRF:0
BRH:0
end_of_record
TN:
SF:utils/emailSender.js
FN:4,(anonymous_0)
FN:25,(anonymous_1)
FNF:2
FNH:2
FNDA:3,(anonymous_0)
FNDA:2,(anonymous_1)
DA:1,2
DA:2,2
DA:4,2
DA:5,3
DA:6,3
DA:10,3
DA:18,3
DA:25,3
DA:26,2
DA:27,0
DA:29,2
DA:35,2
LF:12
LH:11
BRDA:22,0,0,2
BRDA:22,0,1,1
BRDA:26,1,0,0
BRDA:26,1,1,2
BRF:4
BRH:3
end_of_record
TN:
SF:utils/logger.js
FN:4,(anonymous_0)
FNF:1
FNH:1
FNDA:58,(anonymous_0)
DA:1,2
DA:4,2
DA:5,58
DA:6,58
DA:9,2
LF:5
LH:5
BRF:0
BRH:0
end_of_record
